<?xml version="1.0" encoding="UTF-8"?>
<coverage generated="1713183449165" clover="3.2.0">
  <project timestamp="1713183449165" name="All files">
    <metrics statements="47" coveredstatements="35" conditionals="25" coveredconditionals="21" methods="10" coveredmethods="8" elements="82" coveredelements="64" complexity="0" loc="47" ncloc="47" packages="1" files="1" classes="1"/>
    <file name="LinkedList.js" path="C:\Users\talen\OneDrive\Desktop\Domination\businessApp\LinkedList.js">
      <metrics statements="47" coveredstatements="35" conditionals="25" coveredconditionals="21" methods="10" coveredmethods="8"/>
      <line num="3" count="38" type="stmt"/>
      <line num="4" count="38" type="stmt"/>
      <line num="10" count="14" type="stmt"/>
      <line num="11" count="14" type="stmt"/>
      <line num="15" count="37" type="stmt"/>
      <line num="16" count="37" type="stmt"/>
      <line num="17" count="37" type="stmt"/>
      <line num="21" count="8" type="cond" truecount="4" falsecount="0"/>
      <line num="22" count="6" type="stmt"/>
      <line num="23" count="6" type="stmt"/>
      <line num="24" count="7" type="stmt"/>
      <line num="26" count="6" type="stmt"/>
      <line num="30" count="2" type="cond" truecount="1" falsecount="1"/>
      <line num="31" count="2" type="stmt"/>
      <line num="32" count="2" type="stmt"/>
      <line num="33" count="2" type="stmt"/>
      <line num="37" count="4" type="cond" truecount="4" falsecount="0"/>
      <line num="38" count="2" type="cond" truecount="2" falsecount="0"/>
      <line num="40" count="1" type="stmt"/>
      <line num="41" count="1" type="cond" truecount="1" falsecount="1"/>
      <line num="43" count="1" type="stmt"/>
      <line num="44" count="1" type="stmt"/>
      <line num="45" count="1" type="stmt"/>
      <line num="49" count="4" type="cond" truecount="4" falsecount="0"/>
      <line num="50" count="2" type="cond" truecount="2" falsecount="0"/>
      <line num="52" count="1" type="stmt"/>
      <line num="53" count="1" type="cond" truecount="3" falsecount="1"/>
      <line num="55" count="1" type="stmt"/>
      <line num="56" count="1" type="stmt"/>
      <line num="57" count="1" type="stmt"/>
      <line num="61" count="0" type="stmt"/>
      <line num="62" count="0" type="stmt"/>
      <line num="63" count="0" type="stmt"/>
      <line num="64" count="0" type="stmt"/>
      <line num="65" count="0" type="stmt"/>
      <line num="67" count="0" type="stmt"/>
      <line num="71" count="0" type="stmt"/>
      <line num="72" count="0" type="stmt"/>
      <line num="73" count="0" type="stmt"/>
      <line num="74" count="0" type="stmt"/>
      <line num="75" count="0" type="stmt"/>
      <line num="77" count="0" type="stmt"/>
      <line num="81" count="1" type="stmt"/>
      <line num="82" count="13" type="stmt"/>
      <line num="83" count="13" type="stmt"/>
      <line num="84" count="34" type="stmt"/>
      <line num="86" count="13" type="stmt"/>
    </file>
  </project>
</coverage>
