{"C:\\Users\\talen\\OneDrive\\Desktop\\Domination\\businessApp\\LinkedList.js": {"path":"C:\\Users\\talen\\OneDrive\\Desktop\\Domination\\businessApp\\LinkedList.js","statementMap":{"0":{"start":{"line":3,"column":4},"end":{"line":3,"column":23}},"1":{"start":{"line":4,"column":4},"end":{"line":4,"column":21}},"2":{"start":{"line":10,"column":4},"end":{"line":10,"column":21}},"3":{"start":{"line":11,"column":4},"end":{"line":11,"column":20}},"4":{"start":{"line":15,"column":20},"end":{"line":15,"column":55}},"5":{"start":{"line":16,"column":4},"end":{"line":16,"column":24}},"6":{"start":{"line":17,"column":4},"end":{"line":17,"column":18}},"7":{"start":{"line":21,"column":4},"end":{"line":21,"column":55}},"8":{"start":{"line":21,"column":43},"end":{"line":21,"column":55}},"9":{"start":{"line":22,"column":18},"end":{"line":22,"column":27}},"10":{"start":{"line":23,"column":4},"end":{"line":25,"column":5}},"11":{"start":{"line":23,"column":17},"end":{"line":23,"column":18}},"12":{"start":{"line":24,"column":6},"end":{"line":24,"column":29}},"13":{"start":{"line":26,"column":4},"end":{"line":26,"column":19}},"14":{"start":{"line":30,"column":4},"end":{"line":30,"column":32}},"15":{"start":{"line":30,"column":20},"end":{"line":30,"column":32}},"16":{"start":{"line":31,"column":4},"end":{"line":31,"column":31}},"17":{"start":{"line":32,"column":4},"end":{"line":32,"column":18}},"18":{"start":{"line":33,"column":4},"end":{"line":33,"column":16}},"19":{"start":{"line":37,"column":4},"end":{"line":37,"column":55}},"20":{"start":{"line":37,"column":42},"end":{"line":37,"column":55}},"21":{"start":{"line":38,"column":4},"end":{"line":38,"column":55}},"22":{"start":{"line":38,"column":21},"end":{"line":38,"column":55}},"23":{"start":{"line":40,"column":17},"end":{"line":40,"column":43}},"24":{"start":{"line":41,"column":4},"end":{"line":41,"column":28}},"25":{"start":{"line":41,"column":15},"end":{"line":41,"column":28}},"26":{"start":{"line":43,"column":4},"end":{"line":43,"column":53}},"27":{"start":{"line":44,"column":4},"end":{"line":44,"column":18}},"28":{"start":{"line":45,"column":4},"end":{"line":45,"column":16}},"29":{"start":{"line":49,"column":4},"end":{"line":49,"column":56}},"30":{"start":{"line":49,"column":43},"end":{"line":49,"column":56}},"31":{"start":{"line":50,"column":4},"end":{"line":50,"column":48}},"32":{"start":{"line":50,"column":21},"end":{"line":50,"column":48}},"33":{"start":{"line":52,"column":17},"end":{"line":52,"column":43}},"34":{"start":{"line":53,"column":4},"end":{"line":53,"column":42}},"35":{"start":{"line":53,"column":29},"end":{"line":53,"column":42}},"36":{"start":{"line":55,"column":4},"end":{"line":55,"column":31}},"37":{"start":{"line":56,"column":4},"end":{"line":56,"column":18}},"38":{"start":{"line":57,"column":4},"end":{"line":57,"column":16}},"39":{"start":{"line":61,"column":17},"end":{"line":61,"column":19}},"40":{"start":{"line":62,"column":18},"end":{"line":62,"column":27}},"41":{"start":{"line":63,"column":4},"end":{"line":66,"column":5}},"42":{"start":{"line":64,"column":6},"end":{"line":64,"column":39}},"43":{"start":{"line":65,"column":6},"end":{"line":65,"column":29}},"44":{"start":{"line":67,"column":4},"end":{"line":67,"column":33}},"45":{"start":{"line":71,"column":17},"end":{"line":71,"column":19}},"46":{"start":{"line":72,"column":18},"end":{"line":72,"column":27}},"47":{"start":{"line":73,"column":4},"end":{"line":76,"column":5}},"48":{"start":{"line":74,"column":6},"end":{"line":74,"column":39}},"49":{"start":{"line":75,"column":6},"end":{"line":75,"column":29}},"50":{"start":{"line":77,"column":4},"end":{"line":77,"column":27}},"51":{"start":{"line":81,"column":0},"end":{"line":87,"column":2}},"52":{"start":{"line":82,"column":13},"end":{"line":82,"column":29}},"53":{"start":{"line":83,"column":2},"end":{"line":85,"column":3}},"54":{"start":{"line":83,"column":15},"end":{"line":83,"column":32}},"55":{"start":{"line":84,"column":4},"end":{"line":84,"column":31}},"56":{"start":{"line":86,"column":2},"end":{"line":86,"column":12}}},"fnMap":{"0":{"name":"(anonymous_0)","decl":{"start":{"line":2,"column":2},"end":{"line":2,"column":3}},"loc":{"start":{"line":2,"column":34},"end":{"line":5,"column":3}},"line":2},"1":{"name":"(anonymous_1)","decl":{"start":{"line":9,"column":2},"end":{"line":9,"column":3}},"loc":{"start":{"line":9,"column":16},"end":{"line":12,"column":3}},"line":9},"2":{"name":"(anonymous_2)","decl":{"start":{"line":14,"column":2},"end":{"line":14,"column":3}},"loc":{"start":{"line":14,"column":21},"end":{"line":18,"column":3}},"line":14},"3":{"name":"(anonymous_3)","decl":{"start":{"line":20,"column":2},"end":{"line":20,"column":3}},"loc":{"start":{"line":20,"column":20},"end":{"line":27,"column":3}},"line":20},"4":{"name":"(anonymous_4)","decl":{"start":{"line":29,"column":2},"end":{"line":29,"column":3}},"loc":{"start":{"line":29,"column":15},"end":{"line":34,"column":3}},"line":29},"5":{"name":"(anonymous_5)","decl":{"start":{"line":36,"column":2},"end":{"line":36,"column":3}},"loc":{"start":{"line":36,"column":30},"end":{"line":46,"column":3}},"line":36},"6":{"name":"(anonymous_6)","decl":{"start":{"line":48,"column":2},"end":{"line":48,"column":3}},"loc":{"start":{"line":48,"column":23},"end":{"line":58,"column":3}},"line":48},"7":{"name":"(anonymous_7)","decl":{"start":{"line":60,"column":2},"end":{"line":60,"column":3}},"loc":{"start":{"line":60,"column":10},"end":{"line":68,"column":3}},"line":60},"8":{"name":"(anonymous_8)","decl":{"start":{"line":70,"column":2},"end":{"line":70,"column":3}},"loc":{"start":{"line":70,"column":13},"end":{"line":78,"column":3}},"line":70},"9":{"name":"(anonymous_9)","decl":{"start":{"line":81,"column":24},"end":{"line":81,"column":25}},"loc":{"start":{"line":81,"column":45},"end":{"line":87,"column":1}},"line":81}},"branchMap":{"0":{"loc":{"start":{"line":2,"column":21},"end":{"line":2,"column":32}},"type":"default-arg","locations":[{"start":{"line":2,"column":28},"end":{"line":2,"column":32}}],"line":2},"1":{"loc":{"start":{"line":21,"column":4},"end":{"line":21,"column":55}},"type":"if","locations":[{"start":{"line":21,"column":4},"end":{"line":21,"column":55}},{"start":{},"end":{}}],"line":21},"2":{"loc":{"start":{"line":21,"column":8},"end":{"line":21,"column":41}},"type":"binary-expr","locations":[{"start":{"line":21,"column":8},"end":{"line":21,"column":17}},{"start":{"line":21,"column":21},"end":{"line":21,"column":41}}],"line":21},"3":{"loc":{"start":{"line":30,"column":4},"end":{"line":30,"column":32}},"type":"if","locations":[{"start":{"line":30,"column":4},"end":{"line":30,"column":32}},{"start":{},"end":{}}],"line":30},"4":{"loc":{"start":{"line":37,"column":4},"end":{"line":37,"column":55}},"type":"if","locations":[{"start":{"line":37,"column":4},"end":{"line":37,"column":55}},{"start":{},"end":{}}],"line":37},"5":{"loc":{"start":{"line":37,"column":8},"end":{"line":37,"column":40}},"type":"binary-expr","locations":[{"start":{"line":37,"column":8},"end":{"line":37,"column":17}},{"start":{"line":37,"column":21},"end":{"line":37,"column":40}}],"line":37},"6":{"loc":{"start":{"line":38,"column":4},"end":{"line":38,"column":55}},"type":"if","locations":[{"start":{"line":38,"column":4},"end":{"line":38,"column":55}},{"start":{},"end":{}}],"line":38},"7":{"loc":{"start":{"line":41,"column":4},"end":{"line":41,"column":28}},"type":"if","locations":[{"start":{"line":41,"column":4},"end":{"line":41,"column":28}},{"start":{},"end":{}}],"line":41},"8":{"loc":{"start":{"line":49,"column":4},"end":{"line":49,"column":56}},"type":"if","locations":[{"start":{"line":49,"column":4},"end":{"line":49,"column":56}},{"start":{},"end":{}}],"line":49},"9":{"loc":{"start":{"line":49,"column":8},"end":{"line":49,"column":41}},"type":"binary-expr","locations":[{"start":{"line":49,"column":8},"end":{"line":49,"column":17}},{"start":{"line":49,"column":21},"end":{"line":49,"column":41}}],"line":49},"10":{"loc":{"start":{"line":50,"column":4},"end":{"line":50,"column":48}},"type":"if","locations":[{"start":{"line":50,"column":4},"end":{"line":50,"column":48}},{"start":{},"end":{}}],"line":50},"11":{"loc":{"start":{"line":53,"column":4},"end":{"line":53,"column":42}},"type":"if","locations":[{"start":{"line":53,"column":4},"end":{"line":53,"column":42}},{"start":{},"end":{}}],"line":53},"12":{"loc":{"start":{"line":53,"column":8},"end":{"line":53,"column":27}},"type":"binary-expr","locations":[{"start":{"line":53,"column":8},"end":{"line":53,"column":13}},{"start":{"line":53,"column":17},"end":{"line":53,"column":27}}],"line":53}},"s":{"0":38,"1":38,"2":14,"3":14,"4":37,"5":37,"6":37,"7":8,"8":2,"9":6,"10":6,"11":6,"12":7,"13":6,"14":2,"15":0,"16":2,"17":2,"18":2,"19":4,"20":2,"21":2,"22":1,"23":1,"24":1,"25":0,"26":1,"27":1,"28":1,"29":4,"30":2,"31":2,"32":1,"33":1,"34":1,"35":0,"36":1,"37":1,"38":1,"39":0,"40":0,"41":0,"42":0,"43":0,"44":0,"45":0,"46":0,"47":0,"48":0,"49":0,"50":0,"51":1,"52":13,"53":13,"54":13,"55":34,"56":13},"f":{"0":38,"1":14,"2":37,"3":8,"4":2,"5":4,"6":4,"7":0,"8":0,"9":13},"b":{"0":[0],"1":[2,6],"2":[8,7],"3":[0,2],"4":[2,2],"5":[4,3],"6":[1,1],"7":[0,1],"8":[2,2],"9":[4,2],"10":[1,1],"11":[0,1],"12":[1,1]},"_coverageSchema":"1a1c01bbd47fc00a2c39e90264f33305004495a9","hash":"164824bee0b18e81bb6b2e8c0f96e53c7fa838b6"}
}
