TN:
SF:LinkedList.js
FN:2,(anonymous_0)
FN:9,(anonymous_1)
FN:14,(anonymous_2)
FN:20,(anonymous_3)
FN:29,(anonymous_4)
FN:36,(anonymous_5)
FN:48,(anonymous_6)
FN:60,(anonymous_7)
FN:70,(anonymous_8)
FN:81,(anonymous_9)
FNF:10
FNH:8
FNDA:38,(anonymous_0)
FNDA:14,(anonymous_1)
FNDA:37,(anonymous_2)
FNDA:8,(anonymous_3)
FNDA:2,(anonymous_4)
FNDA:4,(anonymous_5)
FNDA:4,(anonymous_6)
FNDA:0,(anonymous_7)
FNDA:0,(anonymous_8)
FNDA:13,(anonymous_9)
DA:3,38
DA:4,38
DA:10,14
DA:11,14
DA:15,37
DA:16,37
DA:17,37
DA:21,8
DA:22,6
DA:23,6
DA:24,7
DA:26,6
DA:30,2
DA:31,2
DA:32,2
DA:33,2
DA:37,4
DA:38,2
DA:40,1
DA:41,1
DA:43,1
DA:44,1
DA:45,1
DA:49,4
DA:50,2
DA:52,1
DA:53,1
DA:55,1
DA:56,1
DA:57,1
DA:61,0
DA:62,0
DA:63,0
DA:64,0
DA:65,0
DA:67,0
DA:71,0
DA:72,0
DA:73,0
DA:74,0
DA:75,0
DA:77,0
DA:81,1
DA:82,13
DA:83,13
DA:84,34
DA:86,13
LF:47
LH:35
BRDA:2,0,0,0
BRDA:21,1,0,2
BRDA:21,1,1,6
BRDA:21,2,0,8
BRDA:21,2,1,7
BRDA:30,3,0,0
BRDA:30,3,1,2
BRDA:37,4,0,2
BRDA:37,4,1,2
BRDA:37,5,0,4
BRDA:37,5,1,3
BRDA:38,6,0,1
BRDA:38,6,1,1
BRDA:41,7,0,0
BRDA:41,7,1,1
BRDA:49,8,0,2
BRDA:49,8,1,2
BRDA:49,9,0,4
BRDA:49,9,1,2
BRDA:50,10,0,1
BRDA:50,10,1,1
BRDA:53,11,0,0
BRDA:53,11,1,1
BRDA:53,12,0,1
BRDA:53,12,1,1
BRF:25
BRH:21
end_of_record
